<?xml version="1.0" encoding="UTF-8"?>
<testng-results ignored="0" total="1" passed="1" failed="0" skipped="0">
  <reporter-output>
  </reporter-output>
  <suite started-at="2026-04-12T20:44:32 IST" name="Default suite" finished-at="2026-04-12T20:46:07 IST" duration-ms="95194">
    <groups>
    </groups>
    <test started-at="2026-04-12T20:44:32 IST" name="Default test" finished-at="2026-04-12T20:46:07 IST" duration-ms="95194">
      <class name="tests.E2ETest">
        <test-method is-config="true" signature="setup()[pri:0, instance:tests.E2ETest@515c6049]" started-at="2026-04-12T20:44:32 IST" name="setup" finished-at="2026-04-12T20:44:39 IST" duration-ms="7137" status="PASS">
          <reporter-output>
          </reporter-output>
        </test-method> <!-- setup -->
        <test-method signature="fullFlowTest()[pri:0, instance:tests.E2ETest@515c6049]" started-at="2026-04-12T20:44:39 IST" name="fullFlowTest" finished-at="2026-04-12T20:46:07 IST" duration-ms="87627" status="PASS">
          <reporter-output>
          </reporter-output>
        </test-method> <!-- fullFlowTest -->
        <test-method is-config="true" signature="tearDown()[pri:0, instance:tests.E2ETest@515c6049]" started-at="2026-04-12T20:46:07 IST" name="tearDown" finished-at="2026-04-12T20:46:07 IST" duration-ms="362" status="PASS">
          <reporter-output>
          </reporter-output>
        </test-method> <!-- tearDown -->
      </class> <!-- tests.E2ETest -->
    </test> <!-- Default test -->
  </suite> <!-- Default suite -->
</testng-results>
